<?xml version="1.0" encoding="UTF-8"?>
<!-- Generated by org.testng.reporters.JUnitReportReporter -->
<testsuite hostname="DESKTOP-S8MV5KE" failures="0" tests="20" name="com.practice.LearningThreadPoolSize" time="0.659" errors="0" timestamp="2026-04-28T20:01:59 IST" skipped="0">
  <testcase classname="com.practice.LearningThreadPoolSize" name="runMultiple" time="0.034"/>
  <testcase classname="com.practice.LearningThreadPoolSize" name="runMultiple" time="0.024"/>
  <testcase classname="com.practice.LearningThreadPoolSize" name="runMultiple" time="0.039"/>
  <testcase classname="com.practice.LearningThreadPoolSize" name="runMultiple" time="0.024"/>
  <testcase classname="com.practice.LearningThreadPoolSize" name="runMultiple" time="0.024"/>
  <testcase classname="com.practice.LearningThreadPoolSize" name="runMultiple" time="0.042"/>
  <testcase classname="com.practice.LearningThreadPoolSize" name="runMultiple" time="0.025"/>
  <testcase classname="com.practice.LearningThreadPoolSize" name="runMultiple" time="0.024"/>
  <testcase classname="com.practice.LearningThreadPoolSize" name="runMultiple" time="0.029"/>
  <testcase classname="com.practice.LearningThreadPoolSize" name="runMultiple" time="0.046"/>
  <testcase classname="com.practice.LearningThreadPoolSize" name="runMultiple" time="0.027"/>
  <testcase classname="com.practice.LearningThreadPoolSize" name="runMultiple" time="0.024"/>
  <testcase classname="com.practice.LearningThreadPoolSize" name="runMultiple" time="0.036"/>
  <testcase classname="com.practice.LearningThreadPoolSize" name="runMultiple" time="0.024"/>
  <testcase classname="com.practice.LearningThreadPoolSize" name="runMultiple" time="0.041"/>
  <testcase classname="com.practice.LearningThreadPoolSize" name="runMultiple" time="0.035"/>
  <testcase classname="com.practice.LearningThreadPoolSize" name="runMultiple" time="0.033"/>
  <testcase classname="com.practice.LearningThreadPoolSize" name="runMultiple" time="0.047"/>
  <testcase classname="com.practice.LearningThreadPoolSize" name="runMultiple" time="0.044"/>
  <testcase classname="com.practice.LearningThreadPoolSize" name="runMultiple" time="0.037"/>
</testsuite> <!-- com.practice.LearningThreadPoolSize -->
