<?xml version="1.0" encoding="UTF-8"?>
<!-- Generated by org.testng.reporters.JUnitReportReporter -->
<testsuite hostname="DESKTOP-S8MV5KE" failures="0" tests="15" name="com.practice.DemoTestScriptToReadDataFromExeclUsingDataProvider" time="0.045" errors="0" timestamp="2026-05-07T20:06:54 IST" skipped="0">
  <testcase classname="com.practice.DemoTestScriptToReadDataFromExeclUsingDataProvider" name="practiceDataProvider" time="0.001"/>
  <testcase classname="com.practice.DemoTestScriptToReadDataFromExeclUsingDataProvider" name="practiceDataProvider" time="0.002"/>
  <testcase classname="com.practice.DemoTestScriptToReadDataFromExeclUsingDataProvider" name="practiceDataProvider" time="0.006"/>
  <testcase classname="com.practice.DemoTestScriptToReadDataFromExeclUsingDataProvider" name="practiceDataProvider" time="0.001"/>
  <testcase classname="com.practice.DemoTestScriptToReadDataFromExeclUsingDataProvider" name="practiceDataProvider" time="0.002"/>
  <testcase classname="com.practice.DemoTestScriptToReadDataFromExeclUsingDataProvider" name="practiceDataProvider" time="0.002"/>
  <testcase classname="com.practice.DemoTestScriptToReadDataFromExeclUsingDataProvider" name="practiceDataProvider" time="0.002"/>
  <testcase classname="com.practice.DemoTestScriptToReadDataFromExeclUsingDataProvider" name="practiceDataProvider" time="0.002"/>
  <testcase classname="com.practice.DemoTestScriptToReadDataFromExeclUsingDataProvider" name="practiceDataProvider" time="0.003"/>
  <testcase classname="com.practice.DemoTestScriptToReadDataFromExeclUsingDataProvider" name="practiceDataProvider" time="0.002"/>
  <testcase classname="com.practice.DemoTestScriptToReadDataFromExeclUsingDataProvider" name="practiceDataProvider" time="0.001"/>
  <testcase classname="com.practice.DemoTestScriptToReadDataFromExeclUsingDataProvider" name="practiceDataProvider" time="0.001"/>
  <testcase classname="com.practice.DemoTestScriptToReadDataFromExeclUsingDataProvider" name="practiceDataProvider" time="0.018"/>
  <testcase classname="com.practice.DemoTestScriptToReadDataFromExeclUsingDataProvider" name="practiceDataProvider" time="0.001"/>
  <testcase classname="com.practice.DemoTestScriptToReadDataFromExeclUsingDataProvider" name="practiceDataProvider" time="0.001"/>
</testsuite> <!-- com.practice.DemoTestScriptToReadDataFromExeclUsingDataProvider -->
