<?xml version="1.0" encoding="UTF-8"?>
<!-- Generated by org.testng.reporters.JUnitReportReporter -->
<testsuite hostname="DESKTOP-S8MV5KE" failures="0" tests="2" name="com.practice.SampleTestScript" time="0.020" errors="0" timestamp="2026-04-27T20:15:57 IST" skipped="0">
  <testcase classname="com.practice.SampleTestScript" name="testScript1" time="0.015"/>
  <testcase classname="com.practice.SampleTestScript" name="testScript2" time="0.005"/>
</testsuite> <!-- com.practice.SampleTestScript -->
