<?xml version="1.0" encoding="UTF-8"?>
<!-- Generated by org.testng.reporters.JUnitReportReporter -->
<testsuite hostname="DESKTOP-S8MV5KE" failures="0" tests="2" name="com.practice.LearningRoprterLog" time="0.012" errors="0" timestamp="2026-05-02T12:29:06 IST" skipped="0">
  <testcase classname="com.practice.LearningRoprterLog" name="welcome" time="0.001">
    <system-out>
      <![CDATA[Welcome to console and Reports]]>
    </system-out>
  </testcase> <!-- welcome -->
  <testcase classname="com.practice.LearningRoprterLog" name="greet" time="0.011">
    <system-out>
      <![CDATA[Hello Report]]>
    </system-out>
  </testcase> <!-- greet -->
  <system-out>
    <![CDATA[Hello Report
Welcome to console and Reports]]>
  </system-out>
</testsuite> <!-- com.practice.LearningRoprterLog -->
