<?xml version="1.0" encoding="UTF-8"?>
<!-- Generated by org.testng.reporters.JUnitReportReporter -->
<testsuite hostname="DESKTOP-S8MV5KE" failures="0" tests="1" name="com.practice.PracticeSoftAssert" time="0.023" errors="0" timestamp="2026-05-06T19:37:26 IST" skipped="0">
  <testcase classname="com.practice.PracticeSoftAssert" name="addAssetionEquals" time="0.023">
    <system-out>
      <![CDATA[Checking soft assert]]>
    </system-out>
  </testcase> <!-- addAssetionEquals -->
  <system-out>
    <![CDATA[Checking soft assert]]>
  </system-out>
</testsuite> <!-- com.practice.PracticeSoftAssert -->
