<?xml version="1.0" encoding="UTF-8"?>
<!-- Generated by org.testng.reporters.JUnitReportReporter -->
<testsuite hostname="DESKTOP-S8MV5KE" failures="0" tests="7" name="com.practice.LearningInvocationCount" time="0.037" errors="0" timestamp="2026-04-28T19:15:44 IST" skipped="0">
  <testcase classname="com.practice.LearningInvocationCount" name="register" time="0.017"/>
  <testcase classname="com.practice.LearningInvocationCount" name="appointment" time="0.003"/>
  <testcase classname="com.practice.LearningInvocationCount" name="appointment" time="0.003"/>
  <testcase classname="com.practice.LearningInvocationCount" name="appointment" time="0.003"/>
  <testcase classname="com.practice.LearningInvocationCount" name="dignosis" time="0.002"/>
  <testcase classname="com.practice.LearningInvocationCount" name="dignosis" time="0.006"/>
  <testcase classname="com.practice.LearningInvocationCount" name="bloodTest" time="0.003"/>
</testsuite> <!-- com.practice.LearningInvocationCount -->
