<?xml version="1.0" encoding="UTF-8"?>
<!-- Generated by org.testng.reporters.JUnitReportReporter -->
<testsuite hostname="DESKTOP-S8MV5KE" failures="0" tests="5" name="com.demowebshop.register.RegisterNewUserTest" time="45.392" errors="0" timestamp="2026-05-07T20:11:11 IST" skipped="0">
  <testcase classname="com.demowebshop.register.RegisterNewUserTest" name="registerUserTest" time="12.053">
    <system-out>
      <![CDATA[Test case execution started
Test case status: Pass
Test case execution passed]]>
    </system-out>
  </testcase> <!-- registerUserTest -->
  <testcase classname="com.demowebshop.register.RegisterNewUserTest" name="registerUserTest" time="5.161">
    <system-out>
      <![CDATA[Test case execution started
Test case status: Pass
Test case execution passed]]>
    </system-out>
  </testcase> <!-- registerUserTest -->
  <testcase classname="com.demowebshop.register.RegisterNewUserTest" name="registerUserTest" time="8.255">
    <system-out>
      <![CDATA[Test case execution started
Test case status: Pass
Test case execution passed]]>
    </system-out>
  </testcase> <!-- registerUserTest -->
  <testcase classname="com.demowebshop.register.RegisterNewUserTest" name="registerUserTest" time="8.718">
    <system-out>
      <![CDATA[Test case execution started
Test case status: Pass
Test case execution passed]]>
    </system-out>
  </testcase> <!-- registerUserTest -->
  <testcase classname="com.demowebshop.register.RegisterNewUserTest" name="registerUserTest" time="11.205">
    <system-out>
      <![CDATA[Test case execution started
Test case status: Pass
Test case execution passed]]>
    </system-out>
  </testcase> <!-- registerUserTest -->
  <system-out>
    <![CDATA[Test case execution started
Test case status: Pass
Test case execution passed
Test case execution started
Test case status: Pass
Test case execution passed
Test case execution started
Test case status: Pass
Test case execution passed
Test case execution started
Test case status: Pass
Test case execution passed
Test case execution started
Test case status: Pass
Test case execution passed]]>
  </system-out>
</testsuite> <!-- com.demowebshop.register.RegisterNewUserTest -->
