<?xml version="1.0" encoding="UTF-8"?>
<!-- Generated by org.testng.reporters.JUnitReportReporter -->
<testsuite hostname="DESKTOP-S8MV5KE" failures="0" tests="4" name="com.practice.LearningPriority" time="0.027" errors="0" timestamp="2026-04-28T19:07:02 IST" skipped="0">
  <testcase classname="com.practice.LearningPriority" name="register" time="0.020"/>
  <testcase classname="com.practice.LearningPriority" name="appointment" time="0.002"/>
  <testcase classname="com.practice.LearningPriority" name="dignosis" time="0.003"/>
  <testcase classname="com.practice.LearningPriority" name="bloodTest" time="0.002"/>
</testsuite> <!-- com.practice.LearningPriority -->
