<?xml version="1.0" encoding="UTF-8"?>
<!-- Generated by org.testng.reporters.JUnitReportReporter -->
<testsuite hostname="DESKTOP-S8MV5KE" failures="0" tests="4" name="com.practice.LearningEnabled" time="0.022" errors="0" timestamp="2026-04-28T19:22:06 IST" skipped="1">
  <testcase classname="com.practice.LearningEnabled" name="register" time="0.017"/>
  <testcase classname="com.practice.LearningEnabled" name="appointment" time="0.002"/>
  <testcase classname="com.practice.LearningEnabled" name="dignosis" time="0.003"/>
  <testcase classname="com.practice.LearningEnabled" name="bloodTest">
    <skipped/>
  </testcase> <!-- bloodTest -->
</testsuite> <!-- com.practice.LearningEnabled -->
