<?xml version="1.0" encoding="UTF-8"?>
<!-- Generated by org.testng.reporters.JUnitReportReporter -->
<testsuite hostname="DESKTOP-S8MV5KE" failures="0" tests="2" name="com.demowebshop.login.LoginTest" time="21.333" errors="0" timestamp="2026-05-06T19:23:53 IST" skipped="0">
  <testcase classname="com.demowebshop.login.LoginTest" name="forgotPassword" time="11.105">
    <system-out>
      <![CDATA[Test case execution started
Test case: Pass
Test case execution passed]]>
    </system-out>
  </testcase> <!-- forgotPassword -->
  <testcase classname="com.demowebshop.login.LoginTest" name="loginAsValidUserTest" time="10.228">
    <system-out>
      <![CDATA[Test case execution started
Account created status: Pass
The test case status: Pass
Test case execution passed]]>
    </system-out>
  </testcase> <!-- loginAsValidUserTest -->
  <system-out>
    <![CDATA[Test case execution started
Test case: Pass
Test case execution passed
Test case execution started
Test case execution passed
Test case execution started
Account created status: Pass
The test case status: Pass
Test case execution passed]]>
  </system-out>
</testsuite> <!-- com.demowebshop.login.LoginTest -->
