<?xml version="1.0" encoding="UTF-8"?>
<!-- Generated by org.testng.reporters.JUnitXMLReporter -->
<testsuite ignored="4" hostname="DESKTOP-S8MV5KE" failures="0" tests="3" name="Test" time="21.392" errors="0" timestamp="2026-05-06T19:23:53 IST">
  <testcase classname="com.demowebshop.login.LoginTest" name="forgotPassword" time="1.916"/>
  <testcase classname="com.demowebshop.register.RegisterNewUserTest" name="registerUserTest" time="4.237"/>
  <testcase classname="com.demowebshop.login.LoginTest" name="loginAsValidUserTest" time="3.091"/>
  <testcase classname="com.demowebshop.generic_utility.BaseClass" name="@BeforeTest configBeforeTest" time="0.0">
    <ignored/>
  </testcase> <!-- @BeforeTest configBeforeTest -->
  <testcase classname="com.demowebshop.generic_utility.BaseClass" name="@AfterTest configAfterTest" time="0.0">
    <ignored/>
  </testcase> <!-- @AfterTest configAfterTest -->
  <testcase classname="com.demowebshop.generic_utility.BaseClass" name="@BeforeSuite configBeforeSuite" time="0.0">
    <ignored/>
  </testcase> <!-- @BeforeSuite configBeforeSuite -->
  <testcase classname="com.demowebshop.generic_utility.BaseClass" name="@AfterSuite configAfterSuite" time="0.0">
    <ignored/>
  </testcase> <!-- @AfterSuite configAfterSuite -->
</testsuite> <!-- Test -->
