<?xml version="1.0" encoding="UTF-8"?>
<testng-results ignored="0" total="5" passed="5" failed="0" skipped="0">
  <reporter-output>
    <line>
      <![CDATA[Test case execution started]]>
    </line>
    <line>
      <![CDATA[Test case status: Pass]]>
    </line>
    <line>
      <![CDATA[Test case execution passed]]>
    </line>
    <line>
      <![CDATA[Test case execution started]]>
    </line>
    <line>
      <![CDATA[Test case status: Pass]]>
    </line>
    <line>
      <![CDATA[Test case execution passed]]>
    </line>
    <line>
      <![CDATA[Test case execution started]]>
    </line>
    <line>
      <![CDATA[Test case status: Pass]]>
    </line>
    <line>
      <![CDATA[Test case execution passed]]>
    </line>
    <line>
      <![CDATA[Test case execution started]]>
    </line>
    <line>
      <![CDATA[Test case status: Pass]]>
    </line>
    <line>
      <![CDATA[Test case execution passed]]>
    </line>
    <line>
      <![CDATA[Test case execution started]]>
    </line>
    <line>
      <![CDATA[Test case status: Pass]]>
    </line>
    <line>
      <![CDATA[Test case execution passed]]>
    </line>
  </reporter-output>
  <suite started-at="2026-05-07T20:10:25 IST" name="Default suite" finished-at="2026-05-07T20:11:11 IST" duration-ms="46557">
    <groups>
      <group name="Regression">
        <method signature="RegisterNewUserTest.registerUserTest(java.lang.String,java.lang.String,java.lang.String,java.lang.String,java.lang.String)[pri:0, instance:com.demowebshop.register.RegisterNewUserTest@40005471]" name="registerUserTest" class="com.demowebshop.register.RegisterNewUserTest"/>
      </group> <!-- Regression -->
    </groups>
    <test started-at="2026-05-07T20:10:25 IST" name="Default test" finished-at="2026-05-07T20:11:11 IST" duration-ms="46557">
      <class name="com.demowebshop.register.RegisterNewUserTest">
        <test-method is-config="true" signature="configBeforeSuite()[pri:0, instance:com.demowebshop.register.RegisterNewUserTest@40005471]" started-at="2026-05-07T20:10:25 IST" name="configBeforeSuite" finished-at="2026-05-07T20:10:25 IST" duration-ms="26" status="PASS">
          <reporter-output>
          </reporter-output>
        </test-method> <!-- configBeforeSuite -->
        <test-method is-config="true" signature="configBeforeTest()[pri:0, instance:com.demowebshop.register.RegisterNewUserTest@40005471]" started-at="2026-05-07T20:10:25 IST" name="configBeforeTest" finished-at="2026-05-07T20:10:25 IST" duration-ms="1" status="PASS">
          <reporter-output>
          </reporter-output>
        </test-method> <!-- configBeforeTest -->
        <test-method is-config="true" signature="configBeforeClass()[pri:0, instance:com.demowebshop.register.RegisterNewUserTest@40005471]" started-at="2026-05-07T20:10:25 IST" name="configBeforeClass" finished-at="2026-05-07T20:10:25 IST" duration-ms="5" status="PASS">
          <reporter-output>
          </reporter-output>
        </test-method> <!-- configBeforeClass -->
        <test-method is-config="true" signature="configBeforeMethod()[pri:0, instance:com.demowebshop.register.RegisterNewUserTest@40005471]" started-at="2026-05-07T20:10:26 IST" name="configBeforeMethod" finished-at="2026-05-07T20:10:35 IST" duration-ms="9347" status="PASS">
          <reporter-output>
          </reporter-output>
        </test-method> <!-- configBeforeMethod -->
        <test-method signature="registerUserTest(java.lang.String,java.lang.String,java.lang.String,java.lang.String,java.lang.String)[pri:0, instance:com.demowebshop.register.RegisterNewUserTest@40005471]" started-at="2026-05-07T20:10:35 IST" name="registerUserTest" data-provider="excelData" finished-at="2026-05-07T20:10:38 IST" duration-ms="2518" status="PASS">
          <params>
            <param index="0">
              <value>
                <![CDATA[Reshab]]>
              </value>
            </param>
            <param index="1">
              <value>
                <![CDATA[Patel]]>
              </value>
            </param>
            <param index="2">
              <value>
                <![CDATA[reshabpatel1997]]>
              </value>
            </param>
            <param index="3">
              <value>
                <![CDATA[@gmail.com]]>
              </value>
            </param>
            <param index="4">
              <value>
                <![CDATA[Reshab@12345]]>
              </value>
            </param>
          </params>
          <reporter-output>
            <line>
              <![CDATA[Test case execution started]]>
            </line>
            <line>
              <![CDATA[Test case status: Pass]]>
            </line>
            <line>
              <![CDATA[Test case execution passed]]>
            </line>
          </reporter-output>
        </test-method> <!-- registerUserTest -->
        <test-method is-config="true" signature="configAfterMethod()[pri:0, instance:com.demowebshop.register.RegisterNewUserTest@40005471]" started-at="2026-05-07T20:10:38 IST" name="configAfterMethod" finished-at="2026-05-07T20:10:38 IST" duration-ms="331" status="PASS">
          <reporter-output>
          </reporter-output>
        </test-method> <!-- configAfterMethod -->
        <test-method is-config="true" signature="configBeforeMethod()[pri:0, instance:com.demowebshop.register.RegisterNewUserTest@40005471]" started-at="2026-05-07T20:10:38 IST" name="configBeforeMethod" finished-at="2026-05-07T20:10:44 IST" duration-ms="5548" status="PASS">
          <reporter-output>
          </reporter-output>
        </test-method> <!-- configBeforeMethod -->
        <test-method signature="registerUserTest(java.lang.String,java.lang.String,java.lang.String,java.lang.String,java.lang.String)[pri:0, instance:com.demowebshop.register.RegisterNewUserTest@40005471]" started-at="2026-05-07T20:10:44 IST" name="registerUserTest" data-provider="excelData" finished-at="2026-05-07T20:10:46 IST" duration-ms="2455" status="PASS">
          <params>
            <param index="0">
              <value>
                <![CDATA[Akash]]>
              </value>
            </param>
            <param index="1">
              <value>
                <![CDATA[P]]>
              </value>
            </param>
            <param index="2">
              <value>
                <![CDATA[askashp]]>
              </value>
            </param>
            <param index="3">
              <value>
                <![CDATA[@gmail.com]]>
              </value>
            </param>
            <param index="4">
              <value>
                <![CDATA[Akash@12345]]>
              </value>
            </param>
          </params>
          <reporter-output>
            <line>
              <![CDATA[Test case execution started]]>
            </line>
            <line>
              <![CDATA[Test case status: Pass]]>
            </line>
            <line>
              <![CDATA[Test case execution passed]]>
            </line>
          </reporter-output>
        </test-method> <!-- registerUserTest -->
        <test-method is-config="true" signature="configAfterMethod()[pri:0, instance:com.demowebshop.register.RegisterNewUserTest@40005471]" started-at="2026-05-07T20:10:46 IST" name="configAfterMethod" finished-at="2026-05-07T20:10:46 IST" duration-ms="285" status="PASS">
          <reporter-output>
          </reporter-output>
        </test-method> <!-- configAfterMethod -->
        <test-method is-config="true" signature="configBeforeMethod()[pri:0, instance:com.demowebshop.register.RegisterNewUserTest@40005471]" started-at="2026-05-07T20:10:46 IST" name="configBeforeMethod" finished-at="2026-05-07T20:10:52 IST" duration-ms="5795" status="PASS">
          <reporter-output>
          </reporter-output>
        </test-method> <!-- configBeforeMethod -->
        <test-method signature="registerUserTest(java.lang.String,java.lang.String,java.lang.String,java.lang.String,java.lang.String)[pri:0, instance:com.demowebshop.register.RegisterNewUserTest@40005471]" started-at="2026-05-07T20:10:52 IST" name="registerUserTest" data-provider="excelData" finished-at="2026-05-07T20:10:55 IST" duration-ms="2541" status="PASS">
          <params>
            <param index="0">
              <value>
                <![CDATA[Ankita]]>
              </value>
            </param>
            <param index="1">
              <value>
                <![CDATA[M]]>
              </value>
            </param>
            <param index="2">
              <value>
                <![CDATA[ankitam]]>
              </value>
            </param>
            <param index="3">
              <value>
                <![CDATA[@gmail.com]]>
              </value>
            </param>
            <param index="4">
              <value>
                <![CDATA[Ankita@12345]]>
              </value>
            </param>
          </params>
          <reporter-output>
            <line>
              <![CDATA[Test case execution started]]>
            </line>
            <line>
              <![CDATA[Test case status: Pass]]>
            </line>
            <line>
              <![CDATA[Test case execution passed]]>
            </line>
          </reporter-output>
        </test-method> <!-- registerUserTest -->
        <test-method is-config="true" signature="configAfterMethod()[pri:0, instance:com.demowebshop.register.RegisterNewUserTest@40005471]" started-at="2026-05-07T20:10:55 IST" name="configAfterMethod" finished-at="2026-05-07T20:10:55 IST" duration-ms="259" status="PASS">
          <reporter-output>
          </reporter-output>
        </test-method> <!-- configAfterMethod -->
        <test-method is-config="true" signature="configBeforeMethod()[pri:0, instance:com.demowebshop.register.RegisterNewUserTest@40005471]" started-at="2026-05-07T20:10:55 IST" name="configBeforeMethod" finished-at="2026-05-07T20:10:57 IST" duration-ms="2361" status="PASS">
          <reporter-output>
          </reporter-output>
        </test-method> <!-- configBeforeMethod -->
        <test-method signature="registerUserTest(java.lang.String,java.lang.String,java.lang.String,java.lang.String,java.lang.String)[pri:0, instance:com.demowebshop.register.RegisterNewUserTest@40005471]" started-at="2026-05-07T20:10:57 IST" name="registerUserTest" data-provider="excelData" finished-at="2026-05-07T20:11:02 IST" duration-ms="5130" status="PASS">
          <params>
            <param index="0">
              <value>
                <![CDATA[Raghav]]>
              </value>
            </param>
            <param index="1">
              <value>
                <![CDATA[G]]>
              </value>
            </param>
            <param index="2">
              <value>
                <![CDATA[raghav]]>
              </value>
            </param>
            <param index="3">
              <value>
                <![CDATA[@gmail.com]]>
              </value>
            </param>
            <param index="4">
              <value>
                <![CDATA[Raghav@12345]]>
              </value>
            </param>
          </params>
          <reporter-output>
            <line>
              <![CDATA[Test case execution started]]>
            </line>
            <line>
              <![CDATA[Test case status: Pass]]>
            </line>
            <line>
              <![CDATA[Test case execution passed]]>
            </line>
          </reporter-output>
        </test-method> <!-- registerUserTest -->
        <test-method is-config="true" signature="configAfterMethod()[pri:0, instance:com.demowebshop.register.RegisterNewUserTest@40005471]" started-at="2026-05-07T20:11:02 IST" name="configAfterMethod" finished-at="2026-05-07T20:11:03 IST" duration-ms="252" status="PASS">
          <reporter-output>
          </reporter-output>
        </test-method> <!-- configAfterMethod -->
        <test-method is-config="true" signature="configBeforeMethod()[pri:0, instance:com.demowebshop.register.RegisterNewUserTest@40005471]" started-at="2026-05-07T20:11:03 IST" name="configBeforeMethod" finished-at="2026-05-07T20:11:09 IST" duration-ms="5915" status="PASS">
          <reporter-output>
          </reporter-output>
        </test-method> <!-- configBeforeMethod -->
        <test-method signature="registerUserTest(java.lang.String,java.lang.String,java.lang.String,java.lang.String,java.lang.String)[pri:0, instance:com.demowebshop.register.RegisterNewUserTest@40005471]" started-at="2026-05-07T20:11:09 IST" name="registerUserTest" data-provider="excelData" finished-at="2026-05-07T20:11:11 IST" duration-ms="2375" status="PASS">
          <params>
            <param index="0">
              <value>
                <![CDATA[Laxmi]]>
              </value>
            </param>
            <param index="1">
              <value>
                <![CDATA[M]]>
              </value>
            </param>
            <param index="2">
              <value>
                <![CDATA[laxmi]]>
              </value>
            </param>
            <param index="3">
              <value>
                <![CDATA[@gmail.com]]>
              </value>
            </param>
            <param index="4">
              <value>
                <![CDATA[Laxmi@12345]]>
              </value>
            </param>
          </params>
          <reporter-output>
            <line>
              <![CDATA[Test case execution started]]>
            </line>
            <line>
              <![CDATA[Test case status: Pass]]>
            </line>
            <line>
              <![CDATA[Test case execution passed]]>
            </line>
          </reporter-output>
        </test-method> <!-- registerUserTest -->
        <test-method is-config="true" signature="configAfterMethod()[pri:0, instance:com.demowebshop.register.RegisterNewUserTest@40005471]" started-at="2026-05-07T20:11:11 IST" name="configAfterMethod" finished-at="2026-05-07T20:11:11 IST" duration-ms="280" status="PASS">
          <reporter-output>
          </reporter-output>
        </test-method> <!-- configAfterMethod -->
        <test-method is-config="true" signature="configAfterClass()[pri:0, instance:com.demowebshop.register.RegisterNewUserTest@40005471]" started-at="2026-05-07T20:11:11 IST" name="configAfterClass" finished-at="2026-05-07T20:11:11 IST" duration-ms="1" status="PASS">
          <reporter-output>
          </reporter-output>
        </test-method> <!-- configAfterClass -->
        <test-method is-config="true" signature="configAfterTest()[pri:0, instance:com.demowebshop.register.RegisterNewUserTest@40005471]" started-at="2026-05-07T20:11:11 IST" name="configAfterTest" finished-at="2026-05-07T20:11:11 IST" duration-ms="1" status="PASS">
          <reporter-output>
          </reporter-output>
        </test-method> <!-- configAfterTest -->
        <test-method is-config="true" signature="configAfterSuite()[pri:0, instance:com.demowebshop.register.RegisterNewUserTest@40005471]" started-at="2026-05-07T20:11:11 IST" name="configAfterSuite" finished-at="2026-05-07T20:11:11 IST" duration-ms="1" status="PASS">
          <reporter-output>
          </reporter-output>
        </test-method> <!-- configAfterSuite -->
      </class> <!-- com.demowebshop.register.RegisterNewUserTest -->
    </test> <!-- Default test -->
  </suite> <!-- Default suite -->
</testng-results>
