<?xml version="1.0" encoding="UTF-8"?>
<!-- Generated by org.testng.reporters.JUnitXMLReporter -->
<testsuite ignored="2" hostname="DESKTOP-S8MV5KE" failures="2" tests="2" name="Test" time="0.182" errors="0" timestamp="2026-05-08T11:23:24 IST">
  <testcase classname="com.demowebshop.login.LoginTest" name="forgotPassword" time="0.085">
    <failure type="java.lang.NullPointerException" message="Cannot invoke &amp;quot;com.demowebshop.object_repository.HomePage.clickOnLoginLink()&amp;quot; because &amp;quot;this.hp&amp;quot; is null">
      <![CDATA[java.lang.NullPointerException: Cannot invoke "com.demowebshop.object_repository.HomePage.clickOnLoginLink()" because "this.hp" is null
at com.demowebshop.login.LoginTest.forgotPassword(LoginTest.java:39)
at java.base/java.util.ArrayList.forEach(ArrayList.java:1596)
... Removed 25 stack frames]]>
    </failure>
  </testcase> <!-- forgotPassword -->
  <testcase classname="com.demowebshop.login.LoginTest" name="forgotPassword" time="0.124">
    <failure type="java.lang.NullPointerException" message="Cannot invoke &amp;quot;org.openqa.selenium.TakesScreenshot.getScreenshotAs(org.openqa.selenium.OutputType)&amp;quot; because &amp;quot;ts&amp;quot; is null">
      <![CDATA[java.lang.NullPointerException: Cannot invoke "org.openqa.selenium.TakesScreenshot.getScreenshotAs(org.openqa.selenium.OutputType)" because "ts" is null
at com.demowebshop.generic_utility.ScreenshotUtility.takeScreenShotOfPage(ScreenshotUtility.java:18)
at com.demowebshop.generic_utility.ListnersImplementation.onTestFailure(ListnersImplementation.java:24)
at java.base/java.util.ArrayList.forEach(ArrayList.java:1596)
... Removed 24 stack frames]]>
    </failure>
  </testcase> <!-- forgotPassword -->
  <testcase classname="com.demowebshop.login.LoginTest" name="loginAsValidUserTest" time="0.0">
    <ignored/>
  </testcase> <!-- loginAsValidUserTest -->
  <testcase classname="com.demowebshop.register.RegisterNewUserTest" name="registerUserTest" time="0.0">
    <ignored/>
  </testcase> <!-- registerUserTest -->
</testsuite> <!-- Test -->
