<?xml version="1.0" encoding="UTF-8"?>
<!-- Generated by org.testng.reporters.JUnitXMLReporter -->
<testsuite ignored="0" hostname="DESKTOP-S8MV5KE" failures="0" tests="5" name="Default test" time="46.557" errors="0" timestamp="2026-05-07T20:11:11 IST">
  <testcase classname="com.demowebshop.register.RegisterNewUserTest" name="registerUserTest" time="2.518"/>
  <testcase classname="com.demowebshop.register.RegisterNewUserTest" name="registerUserTest" time="2.455"/>
  <testcase classname="com.demowebshop.register.RegisterNewUserTest" name="registerUserTest" time="2.541"/>
  <testcase classname="com.demowebshop.register.RegisterNewUserTest" name="registerUserTest" time="5.13"/>
  <testcase classname="com.demowebshop.register.RegisterNewUserTest" name="registerUserTest" time="2.375"/>
</testsuite> <!-- Default test -->
